make all --print-data-base --no-builtin-variables --no-builtin-rules --question
# GNU Make 4.3
# Built for x86_64-pc-linux-gnu
# Copyright (C) 1988-2020 Free Software Foundation, Inc.
# License GPLv3+: GNU GPL version 3 or later <http://gnu.org/licenses/gpl.html>
# This is free software: you are free to change and redistribute it.
# There is NO WARRANTY, to the extent permitted by law.

# Make data base, printed on Thu Oct 21 16:03:45 2021

# Variables

# environment
GDK_BACKEND = x11
# environment
LC_ALL = C
# environment
NO_AT_BRIDGE = 1
# environment
GTK_RC_FILES = /etc/gtk/gtkrc:/home/senaex/.gtkrc:/home/senaex/.config/gtkrc
# environment
CSF_EXCEPTION_PROMPT = 1
# environment
VSCODE_IPC_HOOK_EXTHOST = /run/user/1000/vscode-ipc-bdf3d339-32b8-4b0f-a1a4-0fba4d1c75c9.sock
# environment
CSF_XmlOcafResource = /usr/share/opencascade/resources/XmlOcafResource
# environment
LC_NAME = en_US.UTF-8
# environment
LC_NUMERIC = en_US.UTF-8
# environment
VSCODE_CWD = /home/senaex
# environment
STM = /home/ALEX/STM32/etc/gcc-arm-none-eabi/bin
# environment
MMGT_CLEAR = 1
# environment
CSF_XCAFDefaults = /usr/share/opencascade/resources/StdResource
# environment
CSF_PluginDefaults = /usr/share/opencascade/resources/StdResource
# environment
CASROOT = /usr
# environment
LC_ADDRESS = en_US.UTF-8
# default
MAKE_COMMAND := make
# automatic
@D = $(patsubst %/,%,$(dir $@))
# environment
VSCODE_HANDLES_UNCAUGHT_ERRORS = true
# default
.VARIABLES := 
# environment
PWD = /home/ALEX/anyshell
# automatic
%D = $(patsubst %/,%,$(dir $%))
# environment
LSCOLORS = Gxfxcxdxbxegedabagacad
# environment
MAIL = /var/spool/mail/senaex
# environment
OLDPWD = /home/senaex
# automatic
^D = $(patsubst %/,%,$(dir $^))
# environment
VSCODE_LOG_STACK = false
# automatic
%F = $(notdir $%)
# environment
VSCODE_CODE_CACHE_PATH = /home/senaex/.config/Code/CachedData/7f6ab5485bbc008386c4386d08766667e155244e
# environment
XDG_SESSION_PATH = /org/freedesktop/DisplayManager/Session2
# environment
CSF_ShadersDirectory = /usr/share/opencascade/resources/Shaders
# environment
LANG = C
# environment
XAUTHORITY = /home/senaex/.Xauthority
# default
.LOADED := 
# default
.INCLUDE_DIRS = /usr/include /usr/local/include /usr/include
# makefile
MAKEFLAGS = pqrRs
# makefile (from 'Makefile', line 8)
SOURCEDIR = src
# makefile
CURDIR := /home/ALEX/anyshell
# environment
VSCODE_PIPE_LOGGING = true
# environment
APPLICATION_INSIGHTS_NO_DIAGNOSTIC_CHANNEL = true
# automatic
*D = $(patsubst %/,%,$(dir $*))
# environment
PAM_KWALLET5_LOGIN = /run/user/1000/kwallet5.socket
# environment
MFLAGS = -pqrRs
# default
.SHELLFLAGS := -c
# environment
CSF_MDTVTexturesDirectory = /usr/share/opencascade/resources/Textures
# environment
ALEX = /home/ALEX
# environment
XDG_CONFIG_DIRS = /home/senaex/.config/kdedefaults:/etc/xdg
# automatic
+D = $(patsubst %/,%,$(dir $+))
# environment
XCURSOR_THEME = breeze_cursors
# environment
XDG_SESSION_DESKTOP = KDE
# environment
VSCODE_CRASH_REPORTER_START_OPTIONS = {"companyName":"Microsoft","productName":"VSCode","submitURL":"appcenter://code?aid=fba07a4d-84bd-4fc8-a125-9640fc8ce171&uid=1accfe43-e433-400b-be2d-f7ea7ddcae35&iid=1accfe43-e433-400b-be2d-f7ea7ddcae35&sid=1accfe43-e433-400b-be2d-f7ea7ddcae35","uploadToServer":true}
# makefile (from 'Makefile', line 1)
MAKEFILE_LIST := Makefile
# automatic
@F = $(notdir $@)
# environment
ZSH = /home/senaex/.oh-my-zsh
# environment
VSCODE_VERBOSE_LOGGING = true
# environment
VSCODE_PID = 1230
# environment
XDG_SESSION_TYPE = x11
# automatic
?D = $(patsubst %/,%,$(dir $?))
# environment
CSF_XSMessage = /usr/share/opencascade/resources/XSMessage
# makefile (from 'Makefile', line 5)
FLAGS = -g -Llib/mysql/mysql -Llib/ -lmariadb
# environment
DRAWDEFAULT = /usr/share/opencascade/resources/DrawResources/DrawDefault
# environment
SESSION_MANAGER = local/Arch-PC:@/tmp/.ICE-unix/668,unix/Arch-PC:/tmp/.ICE-unix/668
# automatic
*F = $(notdir $*)
# environment
CHROME_DESKTOP = code-url-handler.desktop
# environment
CSF_SHMessage = /usr/share/opencascade/resources/SHMessage
# environment
DBUS_SESSION_BUS_ADDRESS = unix:path=/run/user/1000/bus
# automatic
<D = $(patsubst %/,%,$(dir $<))
# environment
VSCODE_NLS_CONFIG = {"locale":"en-us","availableLanguages":{},"_languagePackSupport":true}
# environment
BREAKPAD_DUMP_LOCATION = /home/senaex/.config/Code/exthost Crash Reports
# default
MAKE_HOST := x86_64-pc-linux-gnu
# makefile
SHELL = /bin/sh
# default
MAKECMDGOALS := all
# environment
PLATFORMIO_CALLER = vscode
# environment
SHLVL = 0
# environment
CSF_TObjDefaults = /usr/share/opencascade/resources/StdResource
# environment
MAKELEVEL := 0
# default
MAKE = $(MAKE_COMMAND)
# environment
PATH = /usr/local/sbin:/usr/local/bin:/usr/bin:/usr/lib/jvm/default/bin:/usr/bin/site_perl:/usr/bin/vendor_perl:/usr/bin/core_perl:/usr/sbin:/home/senaex/bin:/home/ALEX/anaconda/bin:/home/senaex/.platformio/penv/bin
# default
MAKEFILES := 
# environment
LANGUAGE = en_US.UTF-8
# environment
LC_MONETARY = en_US.UTF-8
# environment
CSF_OCCTResourcePath = /usr/share/opencascade/resources
# environment
MOTD_SHOWN = pam
# automatic
^F = $(notdir $^)
# environment
LC_TIME = en_US.UTF-8
# environment
VSCODE_LOG_NATIVE = false
# environment
CSF_StandardLiteDefaults = /usr/share/opencascade/resources/StdResource
# environment
CSF_STEPDefaults = /usr/share/opencascade/resources/XSTEPResource
# environment
LC_TELEPHONE = en_US.UTF-8
# automatic
?F = $(notdir $?)
# environment
KDE_APPLICATIONS_AS_SCOPE = 1
# environment
XDG_SEAT = seat0
# environment
NO_PROXY = 127.0.0.1
# environment
XDG_CURRENT_DESKTOP = KDE
# environment
CSF_MIGRATION_TYPES = /usr/share/opencascade/resources/StdResource/MigrationSheet.txt
# environment
LS_COLORS = 
# automatic
+F = $(notdir $+)
# environment
XDG_SEAT_PATH = /org/freedesktop/DisplayManager/Seat0
# environment
LESS = -R
# environment
DESKTOP_SESSION = plasma
# environment
ORIGINAL_XDG_CURRENT_DESKTOP = KDE
# makefile (from 'Makefile', line 13)
OBJECTS = $(patsubst $(SOURCEDIR)/*.cpp,$(BUILDDIR)/%.o,$(SOURCES))
# 'override' directive
GNUMAKEFLAGS := 
# environment
LOGNAME = senaex
# environment
CSF_LANGUAGE = us
# environment
PLATFORMIO_PATH = /home/senaex/.platformio/python3/bin:/usr/local/sbin:/usr/local/bin:/usr/bin:/usr/lib/jvm/default/bin:/usr/bin/site_perl:/usr/bin/vendor_perl:/usr/bin/core_perl:/usr/sbin:/home/senaex/bin:/home/ALEX/anaconda/bin:/home/senaex/.platformio/penv/bin
# environment
XDG_VTNR = 1
# makefile
.DEFAULT_GOAL := all
# environment
SYSTEMD_EXEC_PID = 574
# environment
CSF_TObjMessage = /usr/share/opencascade/resources/TObj
# environment
DISPLAY = :0
# environment
GTK_MODULES = canberra-gtk-module
# environment
USER = senaex
# default
MAKE_VERSION := 4.3
# environment
KDE_SESSION_UID = 1000
# makefile (from 'Makefile', line 11)
EXECUTABLE = anyshell
# environment
LC_MEASUREMENT = en_US.UTF-8
# environment
PAGER = less
# environment
_ = /usr/bin/make
# environment
LC_PAPER = en_US.UTF-8
# environment
XDG_RUNTIME_DIR = /run/user/1000
# environment
LC_CTYPE = en_US.UTF-8
# environment
CSF_DrawPluginDefaults = /usr/share/opencascade/resources/DrawResources
# environment
CSF_IGESDefaults = /usr/share/opencascade/resources/XSTEPResource
# environment
XDG_SESSION_CLASS = user
# environment
VSCODE_AMD_ENTRYPOINT = vs/workbench/services/extensions/node/extensionHostProcess
# environment
PLATFORMIO_IDE = 2.3.4
# environment
GTK2_RC_FILES = /etc/gtk-2.0/gtkrc:/home/senaex/.gtkrc-2.0:/home/senaex/.config/gtkrc-2.0
# environment
HOME = /home/senaex
# environment
ELECTRON_RUN_AS_NODE = 1
# environment
DRAWHOME = /usr/share/opencascade/resources/DrawResources
# environment
VSCODE_IPC_HOOK = /run/user/1000/vscode-9c525e4d-1.60.2-main.sock
# environment
XDG_SESSION_ID = 2
# environment
XCURSOR_SIZE = 24
# default
.RECIPEPREFIX := 
# automatic
<F = $(notdir $<)
# default
SUFFIXES := 
# environment
QT_AUTO_SCREEN_SCALE_FACTOR = 0
# environment
CSF_StandardDefaults = /usr/share/opencascade/resources/StdResource
# environment
KDE_SESSION_VERSION = 5
# default
.FEATURES := target-specific order-only second-expansion else-if shortest-stem undefine oneshell nocomment grouped-target extra-prereqs archives jobserver output-sync check-symlink guile load
# environment
LC_MESSAGES = en_US.UTF-8
# makefile (from 'Makefile', line 1)
CC = g++
# makefile (from 'Makefile', line 9)
BUILDDIR = .
# makefile (from 'Makefile', line 12)
SOURCES = $(wildcard $(SOURCEDIR)/*.cpp)
 
# environment
KDE_FULL_SESSION = true
# environment
LC_IDENTIFICATION = en_US.UTF-8
# variable set hash-table stats:
# Load=147/1024=14%, Rehash=0, Collisions=12/198=6%

# Pattern-specific Variable Values

# No pattern-specific variable values.

# Directories

# src (device 2083, inode 12088806): 3 files, no impossibilities.
# . (device 2083, inode 12092385): 13 files, no impossibilities.

# 16 files, no impossibilities in 2 directories.

# Implicit Rules

# No implicit rules.

# Files

# Not a target:
Makefile:
#  Implicit rule search has been done.
#  Last modified 2021-10-20 15:21:45.353201079
#  File has been updated.
#  Successfully updated.

# Not a target:
src/main.cpp:
#  Implicit rule search has not been done.
#  Modification time never checked.
#  File has not been updated.

clean:
#  Implicit rule search has not been done.
#  Modification time never checked.
#  File has not been updated.
#  recipe to execute (from 'Makefile', line 27):
	rm -f $(BUILDDIR)/*o $(BUILDDIR)/$(EXECUTABLE)

dir:
#  Implicit rule search has not been done.
#  Implicit/static pattern stem: ''
#  File does not exist.
#  File has been updated.
#  Needs to be updated (-q is set).
# automatic
# @ := dir
# automatic
# * := 
# automatic
# < := 
# automatic
# + := 
# automatic
# % := 
# automatic
# ^ := 
# automatic
# ? := 
# automatic
# | := 
# variable set hash-table stats:
# Load=8/32=25%, Rehash=0, Collisions=1/12=8%
#  recipe to execute (from 'Makefile', line 18):
	mkdir -p $(BUILDDIR)

# Not a target:
.DEFAULT:
#  Implicit rule search has not been done.
#  Modification time never checked.
#  File has not been updated.

all: dir anyshell
#  Command line target.
#  Implicit rule search has been done.
#  File does not exist.
#  File has been updated.
#  Needs to be updated (-q is set).
# variable set hash-table stats:
# Load=0/32=0%, Rehash=0, Collisions=0/4=0%

run:
#  Implicit rule search has not been done.
#  Modification time never checked.
#  File has not been updated.
#  recipe to execute (from 'Makefile', line 30):
	$(BUILDDIR)/$(EXECUTABLE)

# Not a target:
.SUFFIXES:
#  Implicit rule search has not been done.
#  Modification time never checked.
#  File has not been updated.

anyshell: src/main.cpp
#  Implicit rule search has not been done.
#  Modification time never checked.
#  File has not been updated.
#  recipe to execute (from 'Makefile', line 21):
	$(CC) $(FLAGS) $^ -o $@

# files hash-table stats:
# Load=9/1024=1%, Rehash=0, Collisions=0/26=0%
# VPATH Search Paths

# No 'vpath' search paths.

# No general ('VPATH' variable) search path.

# strcache buffers: 1 (0) / strings = 23 / storage = 181 B / avg = 7 B
# current buf: size = 8162 B / used = 181 B / count = 23 / avg = 7 B

# strcache performance: lookups = 40 / hit rate = 42%
# hash-table stats:
# Load=23/8192=0%, Rehash=0, Collisions=0/40=0%
# Finished Make data base on Thu Oct 21 16:03:45 2021

 
